<?xml version="1.0" encoding="UTF-8"?>
<testng-results ignored="0" total="1" passed="1" failed="0" skipped="0">
  <reporter-output>
  </reporter-output>
  <suite started-at="2026-01-18T21:52:21 IST" name="Default suite" finished-at="2026-01-18T21:52:30 IST" duration-ms="9405">
    <groups>
    </groups>
    <test started-at="2026-01-18T21:52:21 IST" name="Default test" finished-at="2026-01-18T21:52:30 IST" duration-ms="9405">
      <class name="Selenium.Selenium.Intro">
        <test-method signature="base()[pri:0, instance:Selenium.Selenium.Intro@7c6908d7]" started-at="2026-01-18T21:52:21 IST" name="base" finished-at="2026-01-18T21:52:30 IST" duration-ms="8991" status="PASS">
          <reporter-output>
          </reporter-output>
        </test-method> <!-- base -->
        <test-method is-config="true" signature="leave()[pri:0, instance:Selenium.Selenium.Intro@7c6908d7]" started-at="2026-01-18T21:52:30 IST" name="leave" finished-at="2026-01-18T21:52:30 IST" duration-ms="295" status="PASS">
          <reporter-output>
          </reporter-output>
        </test-method> <!-- leave -->
      </class> <!-- Selenium.Selenium.Intro -->
    </test> <!-- Default test -->
  </suite> <!-- Default suite -->
</testng-results>
